<?xml version="1.0" encoding="UTF-8"?>
<!-- Generated by org.testng.reporters.JUnitReportReporter -->
<testsuite hostname="DESKTOP-OF75GGU" failures="0" tests="1" name="vTigerFinalScripts.CreateDuplicateLeadTest" time="25.290" errors="0" timestamp="2023-08-24T10:14:51 IST" skipped="0">
  <testcase classname="vTigerFinalScripts.CreateDuplicateLeadTest" name="createLeadTest" time="25.290"/>
  <system-out/>
</testsuite> <!-- vTigerFinalScripts.CreateDuplicateLeadTest -->
