<?xml version="1.0" encoding="UTF-8"?>
<!-- Generated by org.testng.reporters.JUnitReportReporter -->
<testsuite hostname="DESKTOP-OF75GGU" failures="0" tests="1" name="vTigerFinalScripts.CreateContactWithOrgTest" time="22.421" errors="0" timestamp="2023-08-24T10:13:49 IST" skipped="0">
  <testcase classname="vTigerFinalScripts.CreateContactWithOrgTest" name="createContactWithOrgTest" time="22.421"/>
  <system-out/>
</testsuite> <!-- vTigerFinalScripts.CreateContactWithOrgTest -->
