<?xml version="1.0" encoding="UTF-8"?>
<!-- Generated by org.testng.reporters.JUnitReportReporter -->
<testsuite hostname="DESKTOP-OF75GGU" failures="0" tests="1" name="vTigerFinalScripts.CreateLeadTest" time="19.549" errors="0" timestamp="2023-08-24T10:10:24 IST" skipped="0">
  <testcase classname="vTigerFinalScripts.CreateLeadTest" name="createLeadTest" time="19.549"/>
  <system-out/>
</testsuite> <!-- vTigerFinalScripts.CreateLeadTest -->
