<?xml version="1.0" encoding="UTF-8"?>
<!-- Generated by org.testng.reporters.JUnitReportReporter -->
<testsuite hostname="DESKTOP-OF75GGU" failures="0" tests="1" name="vTigerFinalScripts.CreateOrganizationTest" time="21.730" errors="0" timestamp="2023-08-24T11:16:34 IST" skipped="0">
  <testcase classname="vTigerFinalScripts.CreateOrganizationTest" name="CreateOrgTest" time="21.730"/>
  <system-out/>
</testsuite> <!-- vTigerFinalScripts.CreateOrganizationTest -->
