<?xml version="1.0" encoding="UTF-8"?>
<!-- Generated by org.testng.reporters.JUnitReportReporter -->
<testsuite hostname="DESKTOP-OF75GGU" failures="0" tests="1" name="vTigerFinalScripts.CreateContactTest" time="21.934" errors="0" timestamp="2023-08-24T08:57:26 IST" skipped="0">
  <testcase classname="vTigerFinalScripts.CreateContactTest" name="createContactTest" time="21.934"/>
  <system-out/>
</testsuite> <!-- vTigerFinalScripts.CreateContactTest -->
